Build started 7/27/2014 1:27:23 AM.
     1>Project "E:\class\Eevee-Hound-Final\DXBase\DXBase\DXBase.vcxproj" on node 2 (Build target(s)).
     1>ClCompile:
         C:\Program Files (x86)\Microsoft Visual Studio 11.0\VC\bin\CL.exe /c /ZI /nologo /W3 /WX- /Od /Oy- /D WIN32 /D _DEBUG /D _WINDOWS /Gm /EHsc /RTC1 /MDd /GS /fp:precise /Zc:wchar_t /Zc:forScope /Fo"Debug\\" /Fd"Debug\vc110.pdb" /Gd /TP /analyze- /errorReport:prompt DXTest.cpp
         DXTest.cpp
         c:\program files (x86)\microsoft directx sdk (june 2010)\include\dinput.h: DIRECTINPUT_VERSION undefined. Defaulting to version 0x0800
     1>e:\class\eevee-hound-final\dxbase\dxbase\dxtest.cpp(173): warning C4305: '=' : truncation from 'double' to 'float'
     1>e:\class\eevee-hound-final\dxbase\dxbase\dxtest.cpp(175): warning C4305: '=' : truncation from 'double' to 'float'
     1>e:\class\eevee-hound-final\dxbase\dxbase\dxtest.cpp(184): warning C4101: 'tempRen' : unreferenced local variable
       Link:
         C:\Program Files (x86)\Microsoft Visual Studio 11.0\VC\bin\link.exe /ERRORREPORT:PROMPT /OUT:"E:\class\Eevee-Hound-Final\DXBase\Debug\DXBase.exe" /INCREMENTAL /NOLOGO kernel32.lib user32.lib gdi32.lib winspool.lib comdlg32.lib advapi32.lib shell32.lib ole32.lib oleaut32.lib uuid.lib odbc32.lib odbccp32.lib /MANIFEST /MANIFESTUAC:"level='asInvoker' uiAccess='false'" /manifest:embed /DEBUG /PDB:"E:\class\Eevee-Hound-Final\DXBase\Debug\DXBase.pdb" /SUBSYSTEM:WINDOWS /TLBID:1 /DYNAMICBASE /NXCOMPAT /IMPLIB:"E:\class\Eevee-Hound-Final\DXBase\Debug\DXBase.lib" /MACHINE:X86 Debug\DXFrame.obj
         Debug\DXTest.obj
         Debug\RenVector.obj
         Debug\ResourceManager.obj
         Debug\InputHandler.obj
         Debug\SoundFrame.obj
         Debug\WinMain.obj
         DXBase.vcxproj -> E:\class\Eevee-Hound-Final\DXBase\Debug\DXBase.exe
     1>Done Building Project "E:\class\Eevee-Hound-Final\DXBase\DXBase\DXBase.vcxproj" (Build target(s)).

Build succeeded.

Time Elapsed 00:00:01.29
